0 info it worked if it ends with ok
1 verbose cli [ 'node', '/usr/local/bin/npm', 'install', '-g', 'firebase-tools' ]
2 info using npm@1.4.28
3 info using node@v0.10.34
4 verbose cache add [ 'firebase-tools', null ]
5 verbose cache add name=undefined spec="firebase-tools" args=["firebase-tools",null]
6 verbose parsed url { protocol: null,
6 verbose parsed url   slashes: null,
6 verbose parsed url   auth: null,
6 verbose parsed url   host: null,
6 verbose parsed url   port: null,
6 verbose parsed url   hostname: null,
6 verbose parsed url   hash: null,
6 verbose parsed url   search: null,
6 verbose parsed url   query: null,
6 verbose parsed url   pathname: 'firebase-tools',
6 verbose parsed url   path: 'firebase-tools',
6 verbose parsed url   href: 'firebase-tools' }
7 silly lockFile 3fa4b23e-firebase-tools firebase-tools
8 verbose lock firebase-tools /Users/UgurBastug/.npm/3fa4b23e-firebase-tools.lock
9 silly lockFile 3fa4b23e-firebase-tools firebase-tools
10 silly lockFile 3fa4b23e-firebase-tools firebase-tools
11 verbose addNamed [ 'firebase-tools', '' ]
12 verbose addNamed [ null, '*' ]
13 silly lockFile 59c4bcc4-firebase-tools firebase-tools@
14 verbose lock firebase-tools@ /Users/UgurBastug/.npm/59c4bcc4-firebase-tools.lock
15 silly addNameRange { name: 'firebase-tools', range: '*', hasData: false }
16 verbose request where is /firebase-tools
17 verbose request registry https://registry.npmjs.org/
18 verbose request id 6ce0d314c5a41043
19 verbose url raw /firebase-tools
20 verbose url resolving [ 'https://registry.npmjs.org/', './firebase-tools' ]
21 verbose url resolved https://registry.npmjs.org/firebase-tools
22 verbose request where is https://registry.npmjs.org/firebase-tools
23 info trying registry request attempt 1 at 02:56:36
24 verbose etag "9CQNH8DB9DGBEKLXGCAXMAF1L"
25 http GET https://registry.npmjs.org/firebase-tools
26 http 200 https://registry.npmjs.org/firebase-tools
27 silly registry.get cb [ 200,
27 silly registry.get   { server: 'CouchDB/1.5.0 (Erlang OTP/R16B03)',
27 silly registry.get     etag: '"6MUZBSVZCR1IJAIO80ZDLFG5"',
27 silly registry.get     'content-type': 'application/json',
27 silly registry.get     'content-encoding': 'gzip',
27 silly registry.get     'cache-control': 'max-age=300',
27 silly registry.get     'content-length': '8538',
27 silly registry.get     'accept-ranges': 'bytes',
27 silly registry.get     date: 'Thu, 19 May 2016 01:56:37 GMT',
27 silly registry.get     via: '1.1 varnish',
27 silly registry.get     age: '0',
27 silly registry.get     connection: 'keep-alive',
27 silly registry.get     'x-served-by': 'cache-ams4126-AMS',
27 silly registry.get     'x-cache': 'HIT',
27 silly registry.get     'x-cache-hits': '1',
27 silly registry.get     'x-timer': 'S1463622997.333359,VS0,VE404',
27 silly registry.get     vary: 'Accept-Encoding' } ]
28 silly addNameRange number 2 { name: 'firebase-tools', range: '*', hasData: true }
29 silly addNameRange versions [ 'firebase-tools',
29 silly addNameRange   [ '0.0.1',
29 silly addNameRange     '0.0.2',
29 silly addNameRange     '0.0.3',
29 silly addNameRange     '0.0.4',
29 silly addNameRange     '0.0.5',
29 silly addNameRange     '0.0.6',
29 silly addNameRange     '0.1.0',
29 silly addNameRange     '0.1.1',
29 silly addNameRange     '0.1.2',
29 silly addNameRange     '0.1.3',
29 silly addNameRange     '0.1.4',
29 silly addNameRange     '0.1.5',
29 silly addNameRange     '0.1.6',
29 silly addNameRange     '0.2.0',
29 silly addNameRange     '0.3.0',
29 silly addNameRange     '0.4.0',
29 silly addNameRange     '0.5.0',
29 silly addNameRange     '1.0.0',
29 silly addNameRange     '1.0.1',
29 silly addNameRange     '1.0.2',
29 silly addNameRange     '1.0.3',
29 silly addNameRange     '1.0.4',
29 silly addNameRange     '1.0.5',
29 silly addNameRange     '1.0.6',
29 silly addNameRange     '1.1.0',
29 silly addNameRange     '1.1.1',
29 silly addNameRange     '1.1.2',
29 silly addNameRange     '1.1.3',
29 silly addNameRange     '1.1.4',
29 silly addNameRange     '1.1.5',
29 silly addNameRange     '1.1.6',
29 silly addNameRange     '1.2.0',
29 silly addNameRange     '2.0.0',
29 silly addNameRange     '2.0.1',
29 silly addNameRange     '2.0.2',
29 silly addNameRange     '2.1.0',
29 silly addNameRange     '2.1.1',
29 silly addNameRange     '2.2.0',
29 silly addNameRange     '2.2.1',
29 silly addNameRange     '3.0.0' ] ]
30 verbose addNamed [ 'firebase-tools', '3.0.0' ]
31 verbose addNamed [ '3.0.0', '3.0.0' ]
32 silly lockFile 4ef2bec1-firebase-tools-3-0-0 firebase-tools@3.0.0
33 verbose lock firebase-tools@3.0.0 /Users/UgurBastug/.npm/4ef2bec1-firebase-tools-3-0-0.lock
34 silly lockFile 6bddbec9-e-tools-firebase-tools-3-0-0-tgz https://registry.npmjs.org/firebase-tools/-/firebase-tools-3.0.0.tgz
35 verbose lock https://registry.npmjs.org/firebase-tools/-/firebase-tools-3.0.0.tgz /Users/UgurBastug/.npm/6bddbec9-e-tools-firebase-tools-3-0-0-tgz.lock
36 verbose addRemoteTarball [ 'https://registry.npmjs.org/firebase-tools/-/firebase-tools-3.0.0.tgz',
36 verbose addRemoteTarball   'f518fb5c9a29cfc4360d6443469cba6e55f24c55' ]
37 info retry fetch attempt 1 at 02:56:37
38 verbose fetch to= /var/folders/ml/w_lsg8qx38q17q1tgkjvgjsr0000gn/T/npm-671-d68ISmc_/registry.npmjs.org/firebase-tools/-/firebase-tools-3.0.0.tgz
39 http GET https://registry.npmjs.org/firebase-tools/-/firebase-tools-3.0.0.tgz
40 http 200 https://registry.npmjs.org/firebase-tools/-/firebase-tools-3.0.0.tgz
41 silly lockFile 6bddbec9-e-tools-firebase-tools-3-0-0-tgz https://registry.npmjs.org/firebase-tools/-/firebase-tools-3.0.0.tgz
42 silly lockFile 6bddbec9-e-tools-firebase-tools-3-0-0-tgz https://registry.npmjs.org/firebase-tools/-/firebase-tools-3.0.0.tgz
43 silly lockFile 4ef2bec1-firebase-tools-3-0-0 firebase-tools@3.0.0
44 silly lockFile 4ef2bec1-firebase-tools-3-0-0 firebase-tools@3.0.0
45 silly lockFile 59c4bcc4-firebase-tools firebase-tools@
46 silly lockFile 59c4bcc4-firebase-tools firebase-tools@
47 silly resolved [ { name: 'firebase-tools',
47 silly resolved     version: '3.0.0',
47 silly resolved     description: 'Command-Line Interface for Firebase',
47 silly resolved     main: 'index.js',
47 silly resolved     bin: { firebase: './bin/firebase' },
47 silly resolved     scripts: { test: 'gulp' },
47 silly resolved     repository:
47 silly resolved      { type: 'git',
47 silly resolved        url: 'https://github.com/firebase/firebase-tools.git' },
47 silly resolved     keywords:
47 silly resolved      [ 'cdn',
47 silly resolved        'cli',
47 silly resolved        'ssl',
47 silly resolved        'cloud',
47 silly resolved        'hosting',
47 silly resolved        'firebase',
47 silly resolved        'realtime',
47 silly resolved        'websockets',
47 silly resolved        'synchronization' ],
47 silly resolved     preferGlobal: true,
47 silly resolved     engines: { node: '>=0.10.0' },
47 silly resolved     'engine-strict': true,
47 silly resolved     author:
47 silly resolved      { name: 'Firebase',
47 silly resolved        email: 'support@firebase.com',
47 silly resolved        url: 'https://www.firebase.com/' },
47 silly resolved     license: 'MIT',
47 silly resolved     bugs: { url: 'https://github.com/firebase/firebase-tools/issues' },
47 silly resolved     files: [ 'bin/**', 'lib/**', 'commands/**', 'templates/**', 'index.js' ],
47 silly resolved     homepage: 'https://github.com/firebase/firebase-tools',
47 silly resolved     dependencies:
47 silly resolved      { archiver: '^0.16.0',
47 silly resolved        chalk: '^1.1.0',
47 silly resolved        cjson: '^0.3.1',
47 silly resolved        'cli-table': '^0.3.1',
47 silly resolved        commander: '^2.8.1',
47 silly resolved        'concat-stream': '^1.5.0',
47 silly resolved        configstore: '^1.2.0',
47 silly resolved        didyoumean: '^1.2.1',
47 silly resolved        'exit-code': '^1.0.2',
47 silly resolved        filesize: '^3.1.3',
47 silly resolved        firebase: '2.x.x',
47 silly resolved        'fs-extra': '^0.23.1',
47 silly resolved        'fstream-ignore': '^1.0.2',
47 silly resolved        googleapis: '^2.1.7',
47 silly resolved        inquirer: '^0.12.0',
47 silly resolved        jsonschema: '^1.0.2',
47 silly resolved        jsonwebtoken: '^5.4.0',
47 silly resolved        lodash: '^4.6.1',
47 silly resolved        'node-uuid': '^1.4.3',
47 silly resolved        open: '^0.0.5',
47 silly resolved        portfinder: '^0.4.0',
47 silly resolved        progress: '^1.1.8',
47 silly resolved        request: '^2.58.0',
47 silly resolved        rsvp: '^3.0.18',
47 silly resolved        semver: '^5.0.3',
47 silly resolved        shelljs: '^0.5.3',
47 silly resolved        superstatic: '^4.0',
47 silly resolved        tar: '^2.2.0',
47 silly resolved        through: '^2.3.8',
47 silly resolved        tmp: '0.0.27',
47 silly resolved        'universal-analytics': '^0.3.9',
47 silly resolved        'update-notifier': '^0.5.0',
47 silly resolved        'user-home': '^2.0.0',
47 silly resolved        uuid: '^2.0.1',
47 silly resolved        winston: '^1.0.1' },
47 silly resolved     devDependencies:
47 silly resolved      { chai: '^3.0.0',
47 silly resolved        'chai-as-promised': '^5.1.0',
47 silly resolved        coveralls: '2.11.2',
47 silly resolved        eslint: '^1.4.1',
47 silly resolved        gulp: '^3.9.0',
47 silly resolved        'gulp-eslint': '^1.0.0',
47 silly resolved        'gulp-exit': '0.0.2',
47 silly resolved        'gulp-istanbul': '^0.10.0',
47 silly resolved        'gulp-mocha': '^2.1.2',
47 silly resolved        'jshint-stylish': '^2.0.1',
47 silly resolved        nock: '^2.10.0' },
47 silly resolved     gitHead: '11bcf8bd9b112e33cdad26bc86acb7bc4c5b685a',
47 silly resolved     _id: 'firebase-tools@3.0.0',
47 silly resolved     _shasum: 'f518fb5c9a29cfc4360d6443469cba6e55f24c55',
47 silly resolved     _from: 'firebase-tools@',
47 silly resolved     _npmVersion: '2.7.5',
47 silly resolved     _nodeVersion: '0.10.38',
47 silly resolved     _npmUser: { name: 'firebase', email: 'operations@firebase.com' },
47 silly resolved     maintainers: [ [Object] ],
47 silly resolved     dist:
47 silly resolved      { shasum: 'f518fb5c9a29cfc4360d6443469cba6e55f24c55',
47 silly resolved        tarball: 'https://registry.npmjs.org/firebase-tools/-/firebase-tools-3.0.0.tgz' },
47 silly resolved     _npmOperationalInternal:
47 silly resolved      { host: 'packages-16-east.internal.npmjs.com',
47 silly resolved        tmp: 'tmp/firebase-tools-3.0.0.tgz_1463591868078_0.27381896250881255' },
47 silly resolved     directories: {},
47 silly resolved     _resolved: 'https://registry.npmjs.org/firebase-tools/-/firebase-tools-3.0.0.tgz' } ]
48 info install firebase-tools@3.0.0 into /usr/local/lib
49 info installOne firebase-tools@3.0.0
50 verbose lib/node_modules/firebase-tools unbuild
51 verbose tar unpack /Users/UgurBastug/.npm/firebase-tools/3.0.0/package.tgz
52 silly lockFile 7e3d5d18--lib-node-modules-firebase-tools tar:///usr/local/lib/node_modules/firebase-tools
53 verbose lock tar:///usr/local/lib/node_modules/firebase-tools /Users/UgurBastug/.npm/7e3d5d18--lib-node-modules-firebase-tools.lock
54 silly lockFile d2e74a21-firebase-tools-3-0-0-package-tgz tar:///Users/UgurBastug/.npm/firebase-tools/3.0.0/package.tgz
55 verbose lock tar:///Users/UgurBastug/.npm/firebase-tools/3.0.0/package.tgz /Users/UgurBastug/.npm/d2e74a21-firebase-tools-3-0-0-package-tgz.lock
56 silly gunzTarPerm modes [ '755', '644' ]
57 error Error: EACCES, mkdir '/usr/local/lib/node_modules/firebase-tools'
57 error  { [Error: EACCES, mkdir '/usr/local/lib/node_modules/firebase-tools']
57 error   errno: 3,
57 error   code: 'EACCES',
57 error   path: '/usr/local/lib/node_modules/firebase-tools',
57 error   fstream_type: 'Directory',
57 error   fstream_path: '/usr/local/lib/node_modules/firebase-tools',
57 error   fstream_class: 'DirWriter',
57 error   fstream_stack:
57 error    [ '/usr/local/lib/node_modules/npm/node_modules/fstream/lib/dir-writer.js:36:23',
57 error      '/usr/local/lib/node_modules/npm/node_modules/mkdirp/index.js:46:53',
57 error      'Object.oncomplete (fs.js:108:15)' ] }
58 error Please try running this command again as root/Administrator.
59 error System Darwin 15.4.0
60 error command "node" "/usr/local/bin/npm" "install" "-g" "firebase-tools"
61 error cwd /Users/UgurBastug/Documents/Homefield
62 error node -v v0.10.34
63 error npm -v 1.4.28
64 error path /usr/local/lib/node_modules/firebase-tools
65 error fstream_path /usr/local/lib/node_modules/firebase-tools
66 error fstream_type Directory
67 error fstream_class DirWriter
68 error code EACCES
69 error errno 3
70 error stack Error: EACCES, mkdir '/usr/local/lib/node_modules/firebase-tools'
71 error fstream_stack /usr/local/lib/node_modules/npm/node_modules/fstream/lib/dir-writer.js:36:23
71 error fstream_stack /usr/local/lib/node_modules/npm/node_modules/mkdirp/index.js:46:53
71 error fstream_stack Object.oncomplete (fs.js:108:15)
72 verbose exit [ 3, true ]
